D:\PROJECTS\LAXE SPAXE\CORE\LIB\LIBVORBIS-1.3.2\WIN32\VS2010\LIBVORBIS\WIN32\DEBUG\ANALYSIS.OBJ
D:\PROJECTS\LAXE SPAXE\CORE\LIB\LIBVORBIS-1.3.2\WIN32\VS2010\LIBVORBIS\WIN32\DEBUG\BITRATE.OBJ
D:\PROJECTS\LAXE SPAXE\CORE\LIB\LIBVORBIS-1.3.2\WIN32\VS2010\LIBVORBIS\WIN32\DEBUG\BLOCK.OBJ
D:\Projects\LAXE SPAXE\Core\Lib\libvorbis-1.3.2\win32\VS2010\libvorbis\Win32\Debug\cl.command.1.tlog
D:\Projects\LAXE SPAXE\Core\Lib\libvorbis-1.3.2\win32\VS2010\libvorbis\Win32\Debug\CL.read.1.tlog
D:\Projects\LAXE SPAXE\Core\Lib\libvorbis-1.3.2\win32\VS2010\libvorbis\Win32\Debug\CL.write.1.tlog
D:\PROJECTS\LAXE SPAXE\CORE\LIB\LIBVORBIS-1.3.2\WIN32\VS2010\LIBVORBIS\WIN32\DEBUG\CODEBOOK.OBJ
D:\PROJECTS\LAXE SPAXE\CORE\LIB\LIBVORBIS-1.3.2\WIN32\VS2010\LIBVORBIS\WIN32\DEBUG\ENVELOPE.OBJ
D:\PROJECTS\LAXE SPAXE\CORE\LIB\LIBVORBIS-1.3.2\WIN32\VS2010\LIBVORBIS\WIN32\DEBUG\FLOOR0.OBJ
D:\PROJECTS\LAXE SPAXE\CORE\LIB\LIBVORBIS-1.3.2\WIN32\VS2010\LIBVORBIS\WIN32\DEBUG\FLOOR1.OBJ
D:\PROJECTS\LAXE SPAXE\CORE\LIB\LIBVORBIS-1.3.2\WIN32\VS2010\LIBVORBIS\WIN32\DEBUG\INFO.OBJ
D:\PROJECTS\LAXE SPAXE\CORE\LIB\LIBVORBIS-1.3.2\WIN32\VS2010\LIBVORBIS\WIN32\DEBUG\LIBVORBIS.DLL.EMBED.MANIFEST
D:\PROJECTS\LAXE SPAXE\CORE\LIB\LIBVORBIS-1.3.2\WIN32\VS2010\LIBVORBIS\WIN32\DEBUG\LIBVORBIS.DLL.EMBED.MANIFEST.RES
D:\PROJECTS\LAXE SPAXE\CORE\LIB\LIBVORBIS-1.3.2\WIN32\VS2010\LIBVORBIS\WIN32\DEBUG\LIBVORBIS.DLL.INTERMEDIATE.MANIFEST
D:\Projects\LAXE SPAXE\Core\Lib\libvorbis-1.3.2\win32\VS2010\libvorbis\Win32\Debug\libvorbis.write.1.tlog
D:\Projects\LAXE SPAXE\Core\Lib\libvorbis-1.3.2\win32\VS2010\libvorbis\Win32\Debug\libvorbis_manifest.rc
D:\Projects\LAXE SPAXE\Core\Lib\libvorbis-1.3.2\win32\VS2010\libvorbis\Win32\Debug\link.4052.read.1.tlog
D:\Projects\LAXE SPAXE\Core\Lib\libvorbis-1.3.2\win32\VS2010\libvorbis\Win32\Debug\link.4052.write.1.tlog
D:\Projects\LAXE SPAXE\Core\Lib\libvorbis-1.3.2\win32\VS2010\libvorbis\Win32\Debug\link.4052-cvtres.read.1.tlog
D:\Projects\LAXE SPAXE\Core\Lib\libvorbis-1.3.2\win32\VS2010\libvorbis\Win32\Debug\link.4052-cvtres.write.1.tlog
D:\Projects\LAXE SPAXE\Core\Lib\libvorbis-1.3.2\win32\VS2010\libvorbis\Win32\Debug\link.command.1.tlog
D:\Projects\LAXE SPAXE\Core\Lib\libvorbis-1.3.2\win32\VS2010\libvorbis\Win32\Debug\link.read.1.tlog
D:\Projects\LAXE SPAXE\Core\Lib\libvorbis-1.3.2\win32\VS2010\libvorbis\Win32\Debug\link.write.1.tlog
D:\Projects\LAXE SPAXE\Core\Lib\libvorbis-1.3.2\win32\VS2010\libvorbis\Win32\Debug\link-cvtres.read.1.tlog
D:\Projects\LAXE SPAXE\Core\Lib\libvorbis-1.3.2\win32\VS2010\libvorbis\Win32\Debug\link-cvtres.write.1.tlog
D:\PROJECTS\LAXE SPAXE\CORE\LIB\LIBVORBIS-1.3.2\WIN32\VS2010\LIBVORBIS\WIN32\DEBUG\LOOKUP.OBJ
D:\PROJECTS\LAXE SPAXE\CORE\LIB\LIBVORBIS-1.3.2\WIN32\VS2010\LIBVORBIS\WIN32\DEBUG\LPC.OBJ
D:\PROJECTS\LAXE SPAXE\CORE\LIB\LIBVORBIS-1.3.2\WIN32\VS2010\LIBVORBIS\WIN32\DEBUG\LSP.OBJ
D:\PROJECTS\LAXE SPAXE\CORE\LIB\LIBVORBIS-1.3.2\WIN32\VS2010\LIBVORBIS\WIN32\DEBUG\MAPPING0.OBJ
D:\PROJECTS\LAXE SPAXE\CORE\LIB\LIBVORBIS-1.3.2\WIN32\VS2010\LIBVORBIS\WIN32\DEBUG\MDCT.OBJ
D:\Projects\LAXE SPAXE\Core\Lib\libvorbis-1.3.2\win32\VS2010\libvorbis\Win32\Debug\mt.command.1.tlog
D:\Projects\LAXE SPAXE\Core\Lib\libvorbis-1.3.2\win32\VS2010\libvorbis\Win32\Debug\mt.read.1.tlog
D:\Projects\LAXE SPAXE\Core\Lib\libvorbis-1.3.2\win32\VS2010\libvorbis\Win32\Debug\mt.write.1.tlog
D:\PROJECTS\LAXE SPAXE\CORE\LIB\LIBVORBIS-1.3.2\WIN32\VS2010\LIBVORBIS\WIN32\DEBUG\PSY.OBJ
D:\Projects\LAXE SPAXE\Core\Lib\libvorbis-1.3.2\win32\VS2010\libvorbis\Win32\Debug\rc.command.1.tlog
D:\Projects\LAXE SPAXE\Core\Lib\libvorbis-1.3.2\win32\VS2010\libvorbis\Win32\Debug\rc.read.1.tlog
D:\Projects\LAXE SPAXE\Core\Lib\libvorbis-1.3.2\win32\VS2010\libvorbis\Win32\Debug\rc.write.1.tlog
D:\PROJECTS\LAXE SPAXE\CORE\LIB\LIBVORBIS-1.3.2\WIN32\VS2010\LIBVORBIS\WIN32\DEBUG\REGISTRY.OBJ
D:\PROJECTS\LAXE SPAXE\CORE\LIB\LIBVORBIS-1.3.2\WIN32\VS2010\LIBVORBIS\WIN32\DEBUG\RES0.OBJ
D:\PROJECTS\LAXE SPAXE\CORE\LIB\LIBVORBIS-1.3.2\WIN32\VS2010\LIBVORBIS\WIN32\DEBUG\SHAREDBOOK.OBJ
D:\PROJECTS\LAXE SPAXE\CORE\LIB\LIBVORBIS-1.3.2\WIN32\VS2010\LIBVORBIS\WIN32\DEBUG\SMALLFT.OBJ
D:\PROJECTS\LAXE SPAXE\CORE\LIB\LIBVORBIS-1.3.2\WIN32\VS2010\LIBVORBIS\WIN32\DEBUG\SYNTHESIS.OBJ
D:\Projects\LAXE SPAXE\Core\Lib\libvorbis-1.3.2\win32\VS2010\libvorbis\Win32\Debug\vc100.idb
D:\PROJECTS\LAXE SPAXE\CORE\LIB\LIBVORBIS-1.3.2\WIN32\VS2010\LIBVORBIS\WIN32\DEBUG\VC100.PDB
D:\PROJECTS\LAXE SPAXE\CORE\LIB\LIBVORBIS-1.3.2\WIN32\VS2010\LIBVORBIS\WIN32\DEBUG\VORBISENC.OBJ
D:\PROJECTS\LAXE SPAXE\CORE\LIB\LIBVORBIS-1.3.2\WIN32\VS2010\LIBVORBIS\WIN32\DEBUG\WINDOW.OBJ
D:\PROJECTS\LAXE SPAXE\CORE\LIB\LIBVORBIS-1.3.2\WIN32\VS2010\WIN32\DEBUG\LIBVORBIS.DLL
D:\Projects\LAXE SPAXE\Core\Lib\libvorbis-1.3.2\win32\VS2010\Win32\Debug\libvorbis.exp
D:\PROJECTS\LAXE SPAXE\CORE\LIB\LIBVORBIS-1.3.2\WIN32\VS2010\WIN32\DEBUG\LIBVORBIS.ILK
D:\Projects\LAXE SPAXE\Core\Lib\libvorbis-1.3.2\win32\VS2010\Win32\Debug\libvorbis.lib
D:\PROJECTS\LAXE SPAXE\CORE\LIB\LIBVORBIS-1.3.2\WIN32\VS2010\WIN32\DEBUG\LIBVORBIS.PDB
