D:\Projects\LAXE SPAXE\Core\Lib\libvorbis-1.3.2\win32\VS2010\vorbisdec\Win32\Debug\cl.command.1.tlog
D:\Projects\LAXE SPAXE\Core\Lib\libvorbis-1.3.2\win32\VS2010\vorbisdec\Win32\Debug\CL.read.1.tlog
D:\Projects\LAXE SPAXE\Core\Lib\libvorbis-1.3.2\win32\VS2010\vorbisdec\Win32\Debug\CL.write.1.tlog
D:\PROJECTS\LAXE SPAXE\CORE\LIB\LIBVORBIS-1.3.2\WIN32\VS2010\VORBISDEC\WIN32\DEBUG\DECODER_EXAMPLE.OBJ
D:\Projects\LAXE SPAXE\Core\Lib\libvorbis-1.3.2\win32\VS2010\vorbisdec\Win32\Debug\link.3164.read.1.tlog
D:\Projects\LAXE SPAXE\Core\Lib\libvorbis-1.3.2\win32\VS2010\vorbisdec\Win32\Debug\link.3164.write.1.tlog
D:\Projects\LAXE SPAXE\Core\Lib\libvorbis-1.3.2\win32\VS2010\vorbisdec\Win32\Debug\link.3164-cvtres.read.1.tlog
D:\Projects\LAXE SPAXE\Core\Lib\libvorbis-1.3.2\win32\VS2010\vorbisdec\Win32\Debug\link.3164-cvtres.write.1.tlog
D:\Projects\LAXE SPAXE\Core\Lib\libvorbis-1.3.2\win32\VS2010\vorbisdec\Win32\Debug\link.command.1.tlog
D:\Projects\LAXE SPAXE\Core\Lib\libvorbis-1.3.2\win32\VS2010\vorbisdec\Win32\Debug\link.read.1.tlog
D:\Projects\LAXE SPAXE\Core\Lib\libvorbis-1.3.2\win32\VS2010\vorbisdec\Win32\Debug\link.write.1.tlog
D:\Projects\LAXE SPAXE\Core\Lib\libvorbis-1.3.2\win32\VS2010\vorbisdec\Win32\Debug\link-cvtres.read.1.tlog
D:\Projects\LAXE SPAXE\Core\Lib\libvorbis-1.3.2\win32\VS2010\vorbisdec\Win32\Debug\link-cvtres.write.1.tlog
D:\Projects\LAXE SPAXE\Core\Lib\libvorbis-1.3.2\win32\VS2010\vorbisdec\Win32\Debug\mt.command.1.tlog
D:\Projects\LAXE SPAXE\Core\Lib\libvorbis-1.3.2\win32\VS2010\vorbisdec\Win32\Debug\mt.read.1.tlog
D:\Projects\LAXE SPAXE\Core\Lib\libvorbis-1.3.2\win32\VS2010\vorbisdec\Win32\Debug\mt.write.1.tlog
D:\Projects\LAXE SPAXE\Core\Lib\libvorbis-1.3.2\win32\VS2010\vorbisdec\Win32\Debug\rc.command.1.tlog
D:\Projects\LAXE SPAXE\Core\Lib\libvorbis-1.3.2\win32\VS2010\vorbisdec\Win32\Debug\rc.read.1.tlog
D:\Projects\LAXE SPAXE\Core\Lib\libvorbis-1.3.2\win32\VS2010\vorbisdec\Win32\Debug\rc.write.1.tlog
D:\Projects\LAXE SPAXE\Core\Lib\libvorbis-1.3.2\win32\VS2010\vorbisdec\Win32\Debug\vc100.idb
D:\PROJECTS\LAXE SPAXE\CORE\LIB\LIBVORBIS-1.3.2\WIN32\VS2010\VORBISDEC\WIN32\DEBUG\VC100.PDB
D:\PROJECTS\LAXE SPAXE\CORE\LIB\LIBVORBIS-1.3.2\WIN32\VS2010\VORBISDEC\WIN32\DEBUG\VORBISDEC.EXE.EMBED.MANIFEST
D:\PROJECTS\LAXE SPAXE\CORE\LIB\LIBVORBIS-1.3.2\WIN32\VS2010\VORBISDEC\WIN32\DEBUG\VORBISDEC.EXE.EMBED.MANIFEST.RES
D:\PROJECTS\LAXE SPAXE\CORE\LIB\LIBVORBIS-1.3.2\WIN32\VS2010\VORBISDEC\WIN32\DEBUG\VORBISDEC.EXE.INTERMEDIATE.MANIFEST
D:\Projects\LAXE SPAXE\Core\Lib\libvorbis-1.3.2\win32\VS2010\vorbisdec\Win32\Debug\vorbisdec.write.1.tlog
D:\Projects\LAXE SPAXE\Core\Lib\libvorbis-1.3.2\win32\VS2010\vorbisdec\Win32\Debug\vorbisdec_manifest.rc
D:\PROJECTS\LAXE SPAXE\CORE\LIB\LIBVORBIS-1.3.2\WIN32\VS2010\WIN32\DEBUG\VORBISDEC.EXE
D:\PROJECTS\LAXE SPAXE\CORE\LIB\LIBVORBIS-1.3.2\WIN32\VS2010\WIN32\DEBUG\VORBISDEC.ILK
D:\PROJECTS\LAXE SPAXE\CORE\LIB\LIBVORBIS-1.3.2\WIN32\VS2010\WIN32\DEBUG\VORBISDEC.PDB
