Build started 22.06.2011 1:17:24.
     1>Project "D:\Projects\LAXE SPAXE\Core\Lib\libvorbis-1.3.2\win32\VS2010\libvorbisfile\libvorbisfile_dynamic.vcxproj" on node 2 (rebuild target(s)).
     1>_PrepareForClean:
         Deleting file "Win32\Debug\libvorbisfile.lastbuildstate".
       InitializeBuildStatus:
         Creating "Win32\Debug\libvorbisfile.unsuccessfulbuild" because "AlwaysCreate" was specified.
       ClCompile:
         C:\Program Files\Microsoft Visual Studio 10.0\VC\bin\CL.exe /c /I..\..\..\include /I..\..\..\..\libogg\include /I"D:\Projects\LAXE SPAXE\Core\Lib\libogg-1.2.2\include\\" /I"..\..\..\..\libogg-1.2.0\include" /I..\..\..\..\ogg\include /I..\..\..\..\..\..\..\core\ogg\libogg\include /ZI /nologo /W3 /WX- /Od /Oy- /D WIN32 /D _DEBUG /D _WINDOWS /D _USRDLL /D LIBVORBISFILE_EXPORTS /D _VC80_UPGRADE=0x0710 /D _WINDLL /D _UNICODE /D UNICODE /Gm /EHsc /RTC1 /MDd /GS /fp:precise /Zc:wchar_t /Zc:forScope /Fo"Win32\Debug\\" /Fd"Win32\Debug\vc100.pdb" /Gd /TC /analyze- /errorReport:prompt ..\..\..\lib\vorbisfile.c
         vorbisfile.c
     1>d:\projects\laxe spaxe\core\lib\libvorbis-1.3.2\lib\vorbisfile.c(259): warning C4244: 'function' : conversion from 'ogg_int64_t' to 'long', possible loss of data
     1>d:\projects\laxe spaxe\core\lib\libvorbis-1.3.2\lib\vorbisfile.c(273): warning C4244: '=' : conversion from 'ogg_int64_t' to 'int', possible loss of data
     1>d:\projects\laxe spaxe\core\lib\libvorbis-1.3.2\lib\vorbisfile.c(539): warning C4244: 'return' : conversion from 'ogg_int64_t' to 'int', possible loss of data
     1>d:\projects\laxe spaxe\core\lib\libvorbis-1.3.2\lib\vorbisfile.c(566): warning C4244: 'return' : conversion from 'ogg_int64_t' to 'int', possible loss of data
     1>d:\projects\laxe spaxe\core\lib\libvorbis-1.3.2\lib\vorbisfile.c(570): warning C4244: 'return' : conversion from 'ogg_int64_t' to 'int', possible loss of data
     1>d:\projects\laxe spaxe\core\lib\libvorbis-1.3.2\lib\vorbisfile.c(580): warning C4244: 'return' : conversion from 'ogg_int64_t' to 'int', possible loss of data
     1>d:\projects\laxe spaxe\core\lib\libvorbis-1.3.2\lib\vorbisfile.c(642): warning C4244: 'return' : conversion from 'ogg_int64_t' to 'int', possible loss of data
     1>d:\projects\laxe spaxe\core\lib\libvorbis-1.3.2\lib\vorbisfile.c(875): warning C4244: 'function' : conversion from 'ogg_int64_t' to 'long', possible loss of data
     1>d:\projects\laxe spaxe\core\lib\libvorbis-1.3.2\lib\vorbisfile.c(1013): warning C4996: 'fopen': This function or variable may be unsafe. Consider using fopen_s instead. To disable deprecation, use _CRT_SECURE_NO_WARNINGS. See online help for details.
                 c:\program files\microsoft visual studio 10.0\vc\include\stdio.h(234) : see declaration of 'fopen'
     1>d:\projects\laxe spaxe\core\lib\libvorbis-1.3.2\lib\vorbisfile.c(1115): warning C4244: '=' : conversion from 'double' to 'float', possible loss of data
     1>d:\projects\laxe spaxe\core\lib\libvorbis-1.3.2\lib\vorbisfile.c(1116): warning C4244: 'return' : conversion from 'double' to 'long', possible loss of data
     1>d:\projects\laxe spaxe\core\lib\libvorbis-1.3.2\lib\vorbisfile.c(1120): warning C4244: 'return' : conversion from 'double' to 'long', possible loss of data
     1>d:\projects\laxe spaxe\core\lib\libvorbis-1.3.2\lib\vorbisfile.c(1148): warning C4244: '=' : conversion from 'double' to 'long', possible loss of data
     1>d:\projects\laxe spaxe\core\lib\libvorbis-1.3.2\lib\vorbisfile.c(1676): warning C4244: '=' : conversion from 'ogg_int64_t' to 'long', possible loss of data
     1>d:\projects\laxe spaxe\core\lib\libvorbis-1.3.2\lib\vorbisfile.c(1713): warning C4244: 'initializing' : conversion from 'double' to 'ogg_int64_t', possible loss of data
     1>d:\projects\laxe spaxe\core\lib\libvorbis-1.3.2\lib\vorbisfile.c(1743): warning C4244: 'initializing' : conversion from 'double' to 'ogg_int64_t', possible loss of data
     1>d:\projects\laxe spaxe\core\lib\libvorbis-1.3.2\lib\vorbisfile.c(2079): warning C4244: 'initializing' : conversion from 'double' to 'float', possible loss of data
       ManifestResourceCompile:
         C:\Program Files\Microsoft SDKs\Windows\v7.0A\bin\rc.exe /nologo /fo"Win32\Debug\libvorbisfile.dll.embed.manifest.res" Win32\Debug\libvorbisfile_manifest.rc 
       Link:
         C:\Program Files\Microsoft Visual Studio 10.0\VC\bin\link.exe /ERRORREPORT:PROMPT /OUT:"D:\Projects\LAXE SPAXE\Core\Lib\libvorbis-1.3.2\win32\VS2010\Win32\Debug\libvorbisfile.dll" /INCREMENTAL /NOLOGO /LIBPATH:..\..\..\..\libogg\win32\VS2010\Win32\Debug /LIBPATH:..\Win32\Debug /LIBPATH:"D:\Projects\LAXE SPAXE\Core\Lib\libogg-1.2.2\win32\VS2010\Win32\Debug\\" /LIBPATH:"..\..\..\..\libogg-1.2.0\win32\VS2010\Win32\Debug" /LIBPATH:..\..\..\..\ogg\win32\VS2010\Win32\Debug /LIBPATH:..\..\..\..\..\..\..\core\ogg\libogg\win32\VS2010\Win32\Debug libogg.lib libvorbis.lib kernel32.lib user32.lib gdi32.lib winspool.lib comdlg32.lib advapi32.lib shell32.lib ole32.lib oleaut32.lib uuid.lib odbc32.lib odbccp32.lib /DEF:"..\..\vorbisfile.def" /MANIFEST /ManifestFile:"Win32\Debug\libvorbisfile.dll.intermediate.manifest" /MANIFESTUAC:"level='asInvoker' uiAccess='false'" /DEBUG /PDB:"D:\Projects\LAXE SPAXE\Core\Lib\libvorbis-1.3.2\win32\VS2010\Win32\Debug\libvorbisfile.pdb" /SUBSYSTEM:WINDOWS /TLBID:1 /DYNAMICBASE /NXCOMPAT /IMPLIB:"D:\Projects\LAXE SPAXE\Core\Lib\libvorbis-1.3.2\win32\VS2010\Win32\Debug\libvorbisfile.lib" /MACHINE:X86 /DLL Win32\Debug\libvorbisfile.dll.embed.manifest.res
         Win32\Debug\vorbisfile.obj
         "D:\Projects\LAXE SPAXE\Core\Lib\libvorbis-1.3.2\win32\VS2010\Win32\Debug\libvorbis.lib"
            Creating library D:\Projects\LAXE SPAXE\Core\Lib\libvorbis-1.3.2\win32\VS2010\Win32\Debug\libvorbisfile.lib and object D:\Projects\LAXE SPAXE\Core\Lib\libvorbis-1.3.2\win32\VS2010\Win32\Debug\libvorbisfile.exp
       Manifest:
         Deleting file "Win32\Debug\libvorbisfile.dll.embed.manifest".
         C:\Program Files\Microsoft SDKs\Windows\v7.0A\bin\mt.exe /nologo /verbose /out:"Win32\Debug\libvorbisfile.dll.embed.manifest" /manifest Win32\Debug\libvorbisfile.dll.intermediate.manifest
         C:\Program Files\Microsoft SDKs\Windows\v7.0A\bin\rc.exe /nologo /fo"Win32\Debug\libvorbisfile.dll.embed.manifest.res" Win32\Debug\libvorbisfile_manifest.rc 
       LinkEmbedManifest:
         C:\Program Files\Microsoft Visual Studio 10.0\VC\bin\link.exe /ERRORREPORT:PROMPT /OUT:"D:\Projects\LAXE SPAXE\Core\Lib\libvorbis-1.3.2\win32\VS2010\Win32\Debug\libvorbisfile.dll" /INCREMENTAL /NOLOGO /LIBPATH:..\..\..\..\libogg\win32\VS2010\Win32\Debug /LIBPATH:..\Win32\Debug /LIBPATH:"D:\Projects\LAXE SPAXE\Core\Lib\libogg-1.2.2\win32\VS2010\Win32\Debug\\" /LIBPATH:"..\..\..\..\libogg-1.2.0\win32\VS2010\Win32\Debug" /LIBPATH:..\..\..\..\ogg\win32\VS2010\Win32\Debug /LIBPATH:..\..\..\..\..\..\..\core\ogg\libogg\win32\VS2010\Win32\Debug libogg.lib libvorbis.lib kernel32.lib user32.lib gdi32.lib winspool.lib comdlg32.lib advapi32.lib shell32.lib ole32.lib oleaut32.lib uuid.lib odbc32.lib odbccp32.lib /DEF:"..\..\vorbisfile.def" /MANIFEST /ManifestFile:"Win32\Debug\libvorbisfile.dll.intermediate.manifest" /MANIFESTUAC:"level='asInvoker' uiAccess='false'" /DEBUG /PDB:"D:\Projects\LAXE SPAXE\Core\Lib\libvorbis-1.3.2\win32\VS2010\Win32\Debug\libvorbisfile.pdb" /SUBSYSTEM:WINDOWS /TLBID:1 /DYNAMICBASE /NXCOMPAT /IMPLIB:"D:\Projects\LAXE SPAXE\Core\Lib\libvorbis-1.3.2\win32\VS2010\Win32\Debug\libvorbisfile.lib" /MACHINE:X86 /DLL Win32\Debug\libvorbisfile.dll.embed.manifest.res
         Win32\Debug\vorbisfile.obj
         "D:\Projects\LAXE SPAXE\Core\Lib\libvorbis-1.3.2\win32\VS2010\Win32\Debug\libvorbis.lib"
            Creating library D:\Projects\LAXE SPAXE\Core\Lib\libvorbis-1.3.2\win32\VS2010\Win32\Debug\libvorbisfile.lib and object D:\Projects\LAXE SPAXE\Core\Lib\libvorbis-1.3.2\win32\VS2010\Win32\Debug\libvorbisfile.exp
         libvorbisfile_dynamic.vcxproj -> D:\Projects\LAXE SPAXE\Core\Lib\libvorbis-1.3.2\win32\VS2010\Win32\Debug\libvorbisfile.dll
       FinalizeBuildStatus:
         Deleting file "Win32\Debug\libvorbisfile.unsuccessfulbuild".
         Touching "Win32\Debug\libvorbisfile.lastbuildstate".
     1>Done Building Project "D:\Projects\LAXE SPAXE\Core\Lib\libvorbis-1.3.2\win32\VS2010\libvorbisfile\libvorbisfile_dynamic.vcxproj" (rebuild target(s)).

Build succeeded.

Time Elapsed 00:00:01.35
