D:\Projects\LAXE SPAXE\Core\Lib\libvorbis-1.3.2\win32\VS2010\libvorbisfile\Win32\Debug\cl.command.1.tlog
D:\Projects\LAXE SPAXE\Core\Lib\libvorbis-1.3.2\win32\VS2010\libvorbisfile\Win32\Debug\CL.read.1.tlog
D:\Projects\LAXE SPAXE\Core\Lib\libvorbis-1.3.2\win32\VS2010\libvorbisfile\Win32\Debug\CL.write.1.tlog
D:\PROJECTS\LAXE SPAXE\CORE\LIB\LIBVORBIS-1.3.2\WIN32\VS2010\LIBVORBISFILE\WIN32\DEBUG\LIBVORBISFILE.DLL.EMBED.MANIFEST
D:\PROJECTS\LAXE SPAXE\CORE\LIB\LIBVORBIS-1.3.2\WIN32\VS2010\LIBVORBISFILE\WIN32\DEBUG\LIBVORBISFILE.DLL.EMBED.MANIFEST.RES
D:\PROJECTS\LAXE SPAXE\CORE\LIB\LIBVORBIS-1.3.2\WIN32\VS2010\LIBVORBISFILE\WIN32\DEBUG\LIBVORBISFILE.DLL.INTERMEDIATE.MANIFEST
D:\Projects\LAXE SPAXE\Core\Lib\libvorbis-1.3.2\win32\VS2010\libvorbisfile\Win32\Debug\libvorbisfile.write.1.tlog
D:\Projects\LAXE SPAXE\Core\Lib\libvorbis-1.3.2\win32\VS2010\libvorbisfile\Win32\Debug\libvorbisfile_manifest.rc
D:\Projects\LAXE SPAXE\Core\Lib\libvorbis-1.3.2\win32\VS2010\libvorbisfile\Win32\Debug\link.4388.read.1.tlog
D:\Projects\LAXE SPAXE\Core\Lib\libvorbis-1.3.2\win32\VS2010\libvorbisfile\Win32\Debug\link.4388.write.1.tlog
D:\Projects\LAXE SPAXE\Core\Lib\libvorbis-1.3.2\win32\VS2010\libvorbisfile\Win32\Debug\link.4388-cvtres.read.1.tlog
D:\Projects\LAXE SPAXE\Core\Lib\libvorbis-1.3.2\win32\VS2010\libvorbisfile\Win32\Debug\link.4388-cvtres.write.1.tlog
D:\Projects\LAXE SPAXE\Core\Lib\libvorbis-1.3.2\win32\VS2010\libvorbisfile\Win32\Debug\link.command.1.tlog
D:\Projects\LAXE SPAXE\Core\Lib\libvorbis-1.3.2\win32\VS2010\libvorbisfile\Win32\Debug\link.read.1.tlog
D:\Projects\LAXE SPAXE\Core\Lib\libvorbis-1.3.2\win32\VS2010\libvorbisfile\Win32\Debug\link.write.1.tlog
D:\Projects\LAXE SPAXE\Core\Lib\libvorbis-1.3.2\win32\VS2010\libvorbisfile\Win32\Debug\link-cvtres.read.1.tlog
D:\Projects\LAXE SPAXE\Core\Lib\libvorbis-1.3.2\win32\VS2010\libvorbisfile\Win32\Debug\link-cvtres.write.1.tlog
D:\Projects\LAXE SPAXE\Core\Lib\libvorbis-1.3.2\win32\VS2010\libvorbisfile\Win32\Debug\mt.command.1.tlog
D:\Projects\LAXE SPAXE\Core\Lib\libvorbis-1.3.2\win32\VS2010\libvorbisfile\Win32\Debug\mt.read.1.tlog
D:\Projects\LAXE SPAXE\Core\Lib\libvorbis-1.3.2\win32\VS2010\libvorbisfile\Win32\Debug\mt.write.1.tlog
D:\Projects\LAXE SPAXE\Core\Lib\libvorbis-1.3.2\win32\VS2010\libvorbisfile\Win32\Debug\rc.command.1.tlog
D:\Projects\LAXE SPAXE\Core\Lib\libvorbis-1.3.2\win32\VS2010\libvorbisfile\Win32\Debug\rc.read.1.tlog
D:\Projects\LAXE SPAXE\Core\Lib\libvorbis-1.3.2\win32\VS2010\libvorbisfile\Win32\Debug\rc.write.1.tlog
D:\Projects\LAXE SPAXE\Core\Lib\libvorbis-1.3.2\win32\VS2010\libvorbisfile\Win32\Debug\vc100.idb
D:\PROJECTS\LAXE SPAXE\CORE\LIB\LIBVORBIS-1.3.2\WIN32\VS2010\LIBVORBISFILE\WIN32\DEBUG\VC100.PDB
D:\PROJECTS\LAXE SPAXE\CORE\LIB\LIBVORBIS-1.3.2\WIN32\VS2010\LIBVORBISFILE\WIN32\DEBUG\VORBISFILE.OBJ
D:\PROJECTS\LAXE SPAXE\CORE\LIB\LIBVORBIS-1.3.2\WIN32\VS2010\WIN32\DEBUG\LIBVORBISFILE.DLL
D:\Projects\LAXE SPAXE\Core\Lib\libvorbis-1.3.2\win32\VS2010\Win32\Debug\libvorbisfile.exp
D:\PROJECTS\LAXE SPAXE\CORE\LIB\LIBVORBIS-1.3.2\WIN32\VS2010\WIN32\DEBUG\LIBVORBISFILE.ILK
D:\Projects\LAXE SPAXE\Core\Lib\libvorbis-1.3.2\win32\VS2010\Win32\Debug\libvorbisfile.lib
D:\PROJECTS\LAXE SPAXE\CORE\LIB\LIBVORBIS-1.3.2\WIN32\VS2010\WIN32\DEBUG\LIBVORBISFILE.PDB
