Build started 22.06.2011 1:17:25.
     1>Project "D:\Projects\LAXE SPAXE\Core\Lib\libvorbis-1.3.2\win32\VS2010\vorbisenc\vorbisenc_dynamic.vcxproj" on node 3 (rebuild target(s)).
     1>_PrepareForClean:
         Deleting file "Win32\Debug\vorbisenc.lastbuildstate".
       InitializeBuildStatus:
         Touching "Win32\Debug\vorbisenc.unsuccessfulbuild".
       ClCompile:
         C:\Program Files\Microsoft Visual Studio 10.0\VC\bin\CL.exe /c /I..\..\..\include /I..\..\..\..\libogg\include /I"D:\Projects\LAXE SPAXE\Core\Lib\libogg-1.2.2\include\\" /I"..\..\..\..\libogg-1.2.0\include" /I..\..\..\..\ogg\include /I..\..\..\..\..\..\..\core\ogg\libogg\include /ZI /nologo /W4 /WX- /Od /Oy- /D WIN32 /D _DEBUG /D _CONSOLE /D _VC80_UPGRADE=0x0710 /D _UNICODE /D UNICODE /Gm /RTC1 /MDd /GS /fp:precise /Zc:wchar_t /Zc:forScope /Fo"Win32\Debug\\" /Fd"Win32\Debug\vc100.pdb" /Gd /TC /analyze- /errorReport:prompt ..\..\..\examples\encoder_example.c
         encoder_example.c
     1>d:\projects\laxe spaxe\core\lib\libvorbis-1.3.2\examples\encoder_example.c(128): warning C4305: 'function' : truncation from 'double' to 'float'
     1>d:\projects\laxe spaxe\core\lib\libvorbis-1.3.2\examples\encoder_example.c(147): warning C4244: 'function' : conversion from 'time_t' to 'unsigned int', possible loss of data
       ManifestResourceCompile:
         C:\Program Files\Microsoft SDKs\Windows\v7.0A\bin\rc.exe /nologo /fo"Win32\Debug\vorbisenc.exe.embed.manifest.res" Win32\Debug\vorbisenc_manifest.rc 
       Link:
         C:\Program Files\Microsoft Visual Studio 10.0\VC\bin\link.exe /ERRORREPORT:PROMPT /OUT:"D:\Projects\LAXE SPAXE\Core\Lib\libvorbis-1.3.2\win32\VS2010\Win32\Debug\vorbisenc.exe" /INCREMENTAL /NOLOGO /LIBPATH:..\..\..\..\libogg\win32\VS2010\Win32\Debug /LIBPATH:..\Win32\Debug /LIBPATH:"D:\Projects\LAXE SPAXE\Core\Lib\libogg-1.2.2\win32\VS2010\Win32\Debug\\" /LIBPATH:"..\..\..\..\libogg-1.2.0\win32\VS2010\Win32\Debug" /LIBPATH:..\..\..\..\ogg\win32\VS2010\Win32\Debug /LIBPATH:..\..\..\..\..\..\..\core\ogg\libogg\win32\VS2010\Win32\Debug libogg.lib libvorbis.lib kernel32.lib user32.lib gdi32.lib winspool.lib comdlg32.lib advapi32.lib shell32.lib ole32.lib oleaut32.lib uuid.lib odbc32.lib odbccp32.lib /MANIFEST /ManifestFile:"Win32\Debug\vorbisenc.exe.intermediate.manifest" /MANIFESTUAC:"level='asInvoker' uiAccess='false'" /DEBUG /PDB:"D:\Projects\LAXE SPAXE\Core\Lib\libvorbis-1.3.2\win32\VS2010\Win32\Debug\vorbisenc.pdb" /SUBSYSTEM:CONSOLE /TLBID:1 /DYNAMICBASE /NXCOMPAT /IMPLIB:"D:\Projects\LAXE SPAXE\Core\Lib\libvorbis-1.3.2\win32\VS2010\Win32\Debug\vorbisenc.lib" /MACHINE:X86 Win32\Debug\vorbisenc.exe.embed.manifest.res
         Win32\Debug\encoder_example.obj
         "D:\Projects\LAXE SPAXE\Core\Lib\libvorbis-1.3.2\win32\VS2010\Win32\Debug\libvorbis.lib"
       Manifest:
         Deleting file "Win32\Debug\vorbisenc.exe.embed.manifest".
         C:\Program Files\Microsoft SDKs\Windows\v7.0A\bin\mt.exe /nologo /verbose /out:"Win32\Debug\vorbisenc.exe.embed.manifest" /manifest Win32\Debug\vorbisenc.exe.intermediate.manifest
         C:\Program Files\Microsoft SDKs\Windows\v7.0A\bin\rc.exe /nologo /fo"Win32\Debug\vorbisenc.exe.embed.manifest.res" Win32\Debug\vorbisenc_manifest.rc 
       LinkEmbedManifest:
         C:\Program Files\Microsoft Visual Studio 10.0\VC\bin\link.exe /ERRORREPORT:PROMPT /OUT:"D:\Projects\LAXE SPAXE\Core\Lib\libvorbis-1.3.2\win32\VS2010\Win32\Debug\vorbisenc.exe" /INCREMENTAL /NOLOGO /LIBPATH:..\..\..\..\libogg\win32\VS2010\Win32\Debug /LIBPATH:..\Win32\Debug /LIBPATH:"D:\Projects\LAXE SPAXE\Core\Lib\libogg-1.2.2\win32\VS2010\Win32\Debug\\" /LIBPATH:"..\..\..\..\libogg-1.2.0\win32\VS2010\Win32\Debug" /LIBPATH:..\..\..\..\ogg\win32\VS2010\Win32\Debug /LIBPATH:..\..\..\..\..\..\..\core\ogg\libogg\win32\VS2010\Win32\Debug libogg.lib libvorbis.lib kernel32.lib user32.lib gdi32.lib winspool.lib comdlg32.lib advapi32.lib shell32.lib ole32.lib oleaut32.lib uuid.lib odbc32.lib odbccp32.lib /MANIFEST /ManifestFile:"Win32\Debug\vorbisenc.exe.intermediate.manifest" /MANIFESTUAC:"level='asInvoker' uiAccess='false'" /DEBUG /PDB:"D:\Projects\LAXE SPAXE\Core\Lib\libvorbis-1.3.2\win32\VS2010\Win32\Debug\vorbisenc.pdb" /SUBSYSTEM:CONSOLE /TLBID:1 /DYNAMICBASE /NXCOMPAT /IMPLIB:"D:\Projects\LAXE SPAXE\Core\Lib\libvorbis-1.3.2\win32\VS2010\Win32\Debug\vorbisenc.lib" /MACHINE:X86 Win32\Debug\vorbisenc.exe.embed.manifest.res
         Win32\Debug\encoder_example.obj
         "D:\Projects\LAXE SPAXE\Core\Lib\libvorbis-1.3.2\win32\VS2010\Win32\Debug\libvorbis.lib"
         vorbisenc_dynamic.vcxproj -> D:\Projects\LAXE SPAXE\Core\Lib\libvorbis-1.3.2\win32\VS2010\Win32\Debug\vorbisenc.exe
       FinalizeBuildStatus:
         Deleting file "Win32\Debug\vorbisenc.unsuccessfulbuild".
         Touching "Win32\Debug\vorbisenc.lastbuildstate".
     1>Done Building Project "D:\Projects\LAXE SPAXE\Core\Lib\libvorbis-1.3.2\win32\VS2010\vorbisenc\vorbisenc_dynamic.vcxproj" (rebuild target(s)).

Build succeeded.

Time Elapsed 00:00:00.87
